\BOOKMARK [1][-]{section.1}{\376\377\000O\000v\000e\000r\000v\000i\000e\000w\000\040\000a\000n\000d\000\040\000m\000a\000i\000n\000\040\000r\000e\000s\000u\000l\000t}{}% 1
\BOOKMARK [1][-]{section.2}{\376\377\000S\000i\000g\000m\000a\000\040\000v\000e\000c\000t\000o\000r\000s\000\040\000a\000n\000d\000\040\000B\000e\000r\000t\000a\000u\000t\000\040\000o\000r\000t\000h\000o\000g\000o\000n\000a\000l\000i\000t\000y}{}% 2
\BOOKMARK [1][-]{section.3}{\376\377\000F\000e\000\040\000a\000n\000d\000\040\000T\000m\000\040\000l\000o\000c\000a\000l\000\040\000f\000r\000a\000m\000e\000s}{}% 3
\BOOKMARK [2][-]{subsection.3.1}{\376\377\000F\000e\000\040\000s\000u\000b\000l\000a\000t\000t\000i\000c\000e\000\040\000f\000r\000a\000m\000e\000s}{section.3}% 4
\BOOKMARK [2][-]{subsection.3.2}{\376\377\000T\000m\000\040\000s\000u\000b\000l\000a\000t\000t\000i\000c\000e\000\040\000f\000r\000a\000m\000e\000s}{section.3}% 5
\BOOKMARK [2][-]{subsection.3.3}{\376\377\000B\000o\000n\000d\000\040\000c\000o\000n\000n\000e\000c\000t\000i\000v\000i\000t\000y\000:\000\040\000e\000a\000c\000h\000\040\000T\000m\000\040\000s\000e\000e\000s\000\040\000a\000l\000l\000\040\000f\000o\000u\000r\000\040\000F\000e}{section.3}% 6
\BOOKMARK [1][-]{section.4}{\376\377\000G\000r\000o\000u\000n\000d\000-\000s\000t\000a\000t\000e\000\040\000a\000n\000a\000l\000y\000s\000i\000s\000:\000\040\000w\000h\000i\000c\000h\000\040\000c\000h\000a\000n\000n\000e\000l\000s\000\040\000a\000c\000t\000i\000v\000a\000t\000e\000\040\0002}{}% 7
\BOOKMARK [2][-]{subsection.4.1}{\376\377\000G\000a\000m\000m\000a\0002\000\040\000F\000e\000\040\000s\000p\000i\000n\000\040\000b\000a\000c\000k\000g\000r\000o\000u\000n\000d}{section.4}% 8
\BOOKMARK [2][-]{subsection.4.2}{\376\377\000E\000f\000f\000e\000c\000t\000i\000v\000e\000\040\000f\000i\000e\000l\000d\000\040\000o\000n\000\040\0002\000\040\000f\000r\000o\000m\000\040\000e\000a\000c\000h\000\040\000c\000h\000i\000\040\000c\000h\000a\000n\000n\000e\000l}{section.4}% 9
\BOOKMARK [2][-]{subsection.4.3}{\376\377\000C\000h\000i\0005\000\040\000a\000n\000d\000\040\000c\000h\000i\0007\000:\000\040\000e\000x\000a\000c\000t\000\040\000c\000a\000n\000c\000e\000l\000l\000a\000t\000i\000o\000n\000\040\000b\000y\000\040\000t\000h\000e\000\040\000i\000n\000v\000e\000r\000s\000i\000o\000n\000\040\000s\000i\000g\000n}{section.4}% 10
\BOOKMARK [1][-]{section.5}{\376\377\000T\000h\000e\000\040\000H\000c\000\040\000d\000e\000t\000e\000c\000t\000o\000r\000\040\000c\000o\000u\000p\000l\000i\000n\000g}{}% 11
\BOOKMARK [1][-]{section.6}{\376\377\000E\000q\000u\000a\000t\000i\000o\000n\000-\000o\000f\000-\000m\000o\000t\000i\000o\000n\000\040\000a\000n\000a\000l\000y\000s\000i\000s\000\040\000f\000o\000r\000\040\000t\000h\000e\000\040\000q\000A\000F\000M\000\040\000k\000i\000c\000k}{}% 12
\BOOKMARK [2][-]{subsection.6.1}{\376\377\000S\000U\000\050\0003\000\051\000\040\000e\000q\000u\000a\000t\000i\000o\000n\000\040\000o\000f\000\040\000m\000o\000t\000i\000o\000n}{section.6}% 13
\BOOKMARK [2][-]{subsection.6.2}{\376\377\000T\000h\000e\000\040\000q\000A\000F\000M\000\040\000k\000i\000c\000k}{section.6}% 14
\BOOKMARK [2][-]{subsection.6.3}{\376\377\000T\000i\000m\000e\000\040\000e\000v\000o\000l\000u\000t\000i\000o\000n\000\040\000o\000f\000\040\000H\000[\0002\000]\000\040\000a\000f\000t\000e\000r\000\040\000t\000h\000e\000\040\000k\000i\000c\000k}{section.6}% 15
\BOOKMARK [2][-]{subsection.6.4}{\376\377\000C\000o\000m\000p\000l\000e\000t\000e\000\040\000c\000h\000a\000n\000n\000e\000l\000\040\000s\000u\000r\000v\000e\000y}{section.6}% 16
\BOOKMARK [1][-]{section.7}{\376\377\000W\000h\000a\000t\000\040\000w\000o\000u\000l\000d\000\040\000a\000l\000l\000o\000w\000\040\000t\000h\000e\000\040\000c\000r\000o\000s\000s\000-\000p\000e\000a\000k\000?}{}% 17
\BOOKMARK [1][-]{section.8}{\376\377\000N\000u\000m\000e\000r\000i\000c\000a\000l\000\040\000v\000e\000r\000i\000f\000i\000c\000a\000t\000i\000o\000n}{}% 18
\BOOKMARK [1][-]{section.9}{\376\377\000S\000u\000m\000m\000a\000r\000y\000\040\000d\000i\000a\000g\000r\000a\000m}{}% 19
\BOOKMARK [1][-]{appendix.A}{\376\377\000B\000o\000n\000d\000-\000b\000y\000-\000b\000o\000n\000d\000\040\000v\000e\000r\000i\000f\000i\000c\000a\000t\000i\000o\000n\000:\000\040\000e\000a\000c\000h\000\040\000T\000m\000\040\000s\000e\000e\000s\000\040\000a\000l\000l\000\040\000f\000o\000u\000r\000\040\000F\000e}{}% 20
\BOOKMARK [1][-]{appendix.B}{\376\377\000S\000i\000g\000m\000a\000\040\000v\000e\000c\000t\000o\000r\000\040\000i\000n\000n\000e\000r\000\040\000p\000r\000o\000d\000u\000c\000t\000\040\000t\000a\000b\000l\000e}{}% 21
