\BOOKMARK [0][-]{section*.2}{\376\377\000A\000\040\000S\000y\000m\000m\000e\000t\000r\000y\000-\000A\000l\000l\000o\000w\000e\000d\000\040\000M\000i\000n\000i\000m\000a\000l\000\040\000M\000o\000d\000e\000l\000\040\000f\000o\000r\000\040\000T\000w\000o\000-\000D\000i\000m\000e\000n\000s\000i\000o\000n\000a\000l\000\040\000C\000o\000h\000e\000r\000e\000n\000t\000\040\000T\000e\000r\000a\000h\000e\000r\000t\000z\000\040\000S\000p\000e\000c\000t\000r\000o\000s\000c\000o\000p\000y\000\040\000o\000f\000\040\000T\000m\000F\000e\000O\0003\000\040\000i\000n\000\040\000t\000h\000e\000\040\000G\000a\000m\000m\000a\0002\000\040\000P\000h\000a\000s\000e}{}% 2
\BOOKMARK [1][-]{section*.1}{\376\377\000A\000b\000s\000t\000r\000a\000c\000t}{section*.2}% 1
\BOOKMARK [1][-]{section*.3}{\376\377\000C\000o\000n\000t\000e\000n\000t\000s}{section*.2}% 3
\BOOKMARK [1][-]{section*.4}{\376\377\000I\000n\000t\000r\000o\000d\000u\000c\000t\000i\000o\000n}{section*.2}% 4
\BOOKMARK [2][-]{section*.5}{\376\377\000W\000h\000a\000t\000\040\000t\000h\000i\000s\000\040\000p\000a\000p\000e\000r\000\040\000p\000r\000o\000v\000i\000d\000e\000s}{section*.4}% 5
\BOOKMARK [2][-]{section*.6}{\376\377\000N\000o\000t\000a\000t\000i\000o\000n}{section*.4}% 6
\BOOKMARK [1][-]{section*.7}{\376\377\000C\000r\000y\000s\000t\000a\000l\000\040\000s\000t\000r\000u\000c\000t\000u\000r\000e\000\040\000a\000n\000d\000\040\000s\000u\000b\000l\000a\000t\000t\000i\000c\000e\000\040\000f\000r\000a\000m\000e\000s}{section*.2}% 7
\BOOKMARK [2][-]{section*.8}{\376\377\000P\000b\000n\000m\000\040\000s\000e\000t\000t\000i\000n\000g\000\040\000a\000n\000d\000\040\000W\000y\000c\000k\000o\000f\000f\000\040\000p\000o\000s\000i\000t\000i\000o\000n\000s}{section*.7}% 8
\BOOKMARK [2][-]{section*.9}{\376\377\000S\000u\000b\000l\000a\000t\000t\000i\000c\000e\000\040\000p\000e\000r\000m\000u\000t\000a\000t\000i\000o\000n\000s}{section*.7}% 9
\BOOKMARK [2][-]{section*.10}{\376\377\000L\000o\000c\000a\000l\000\040\000s\000u\000b\000l\000a\000t\000t\000i\000c\000e\000\040\000f\000r\000a\000m\000e\000s}{section*.7}% 10
\BOOKMARK [2][-]{section*.16}{\376\377\000P\000o\000l\000a\000r\000\040\000v\000e\000r\000s\000u\000s\000\040\000a\000x\000i\000a\000l\000\040\000v\000e\000c\000t\000o\000r\000s\000\040\000u\000n\000d\000e\000r\000\040\000R\000\137\000m\000u}{section*.7}% 11
\BOOKMARK [2][-]{section*.17}{\376\377\000A\000c\000t\000i\000o\000n\000\040\000o\000n\000\040\000t\000h\000e\000\040\000p\000r\000o\000j\000e\000c\000t\000e\000d\000\040\000q\000u\000t\000r\000i\000t\000\040\000s\000u\000b\000s\000p\000a\000c\000e}{section*.7}% 12
\BOOKMARK [1][-]{section*.18}{\376\377\000C\000r\000y\000s\000t\000a\000l\000-\000f\000i\000e\000l\000d\000\040\000m\000o\000d\000e\000l\000\040\000f\000o\000r\000\040\000T\000m\0003\000+}{section*.2}% 13
\BOOKMARK [2][-]{section*.19}{\376\377\000S\000t\000e\000v\000e\000n\000s\000-\000o\000p\000e\000r\000a\000t\000o\000r\000\040\000H\000a\000m\000i\000l\000t\000o\000n\000i\000a\000n}{section*.18}% 14
\BOOKMARK [2][-]{section*.21}{\376\377\000T\000h\000r\000e\000e\000-\000s\000i\000n\000g\000l\000e\000t\000\040\000m\000a\000n\000i\000f\000o\000l\000d\000\040\000a\000n\000d\000\040\000m\000i\000r\000r\000o\000r\000\040\000p\000a\000r\000i\000t\000y}{section*.18}% 15
\BOOKMARK [2][-]{section*.22}{\376\377\000P\000r\000o\000j\000e\000c\000t\000e\000d\000\040\000a\000n\000g\000u\000l\000a\000r\000-\000m\000o\000m\000e\000n\000t\000u\000m\000\040\000m\000a\000t\000r\000i\000x\000\040\000e\000l\000e\000m\000e\000n\000t\000s\000:\000\040\000T\000-\000s\000y\000m\000m\000e\000t\000r\000i\000c\000\040\000g\000a\000u\000g\000e}{section*.18}% 16
\BOOKMARK [2][-]{section*.23}{\376\377\000P\000r\000o\000j\000e\000c\000t\000e\000d\000\040\000e\000l\000e\000c\000t\000r\000i\000c\000\040\000d\000i\000p\000o\000l\000e}{section*.18}% 17
\BOOKMARK [2][-]{section*.24}{\376\377\000M\000i\000r\000r\000o\000r\000\040\000c\000l\000a\000s\000s\000i\000f\000i\000c\000a\000t\000i\000o\000n\000\040\000o\000f\000\040\000G\000e\000l\000l\000-\000M\000a\000n\000n\000\040\000g\000e\000n\000e\000r\000a\000t\000o\000r\000s}{section*.18}% 18
\BOOKMARK [2][-]{section*.25}{\376\377\000B\000e\000r\000t\000a\000u\000t\000\040\000a\000l\000g\000e\000b\000r\000a\000\040\000f\000o\000r\000\040\000t\000h\000e\000\040\000T\000m\000\040\000G\000e\000l\000l\000-\000M\000a\000n\000n\000\040\000o\000p\000e\000r\000a\000t\000o\000r\000s}{section*.18}% 19
\BOOKMARK [1][-]{section*.34}{\376\377\000F\000e\000\040\000f\000o\000u\000r\000-\000s\000u\000b\000l\000a\000t\000t\000i\000c\000e\000\040\000H\000a\000m\000i\000l\000t\000o\000n\000i\000a\000n}{section*.2}% 20
\BOOKMARK [2][-]{section*.35}{\376\377\000M\000i\000c\000r\000o\000s\000c\000o\000p\000i\000c\000\040\000H\000a\000m\000i\000l\000t\000o\000n\000i\000a\000n}{section*.34}% 21
\BOOKMARK [2][-]{section*.36}{\376\377\000L\000o\000c\000a\000l\000-\000f\000r\000a\000m\000e\000\040\000f\000o\000r\000m\000\040\000o\000f\000\040\000H\000F\000e}{section*.34}% 22
\BOOKMARK [2][-]{section*.41}{\376\377\000B\000e\000r\000t\000a\000u\000t\000\040\000d\000e\000c\000o\000m\000p\000o\000s\000i\000t\000i\000o\000n}{section*.34}% 23
\BOOKMARK [2][-]{section*.42}{\376\377\000E\000f\000f\000e\000c\000t\000i\000v\000e\000\040\000f\000i\000e\000l\000d\000s\000\040\000a\000n\000d\000\040\000t\000h\000e\000\040\000p\000e\000r\000-\000c\000e\000l\000l\000\040\000n\000o\000r\000m\000a\000l\000i\000z\000a\000t\000i\000o\000n}{section*.34}% 24
\BOOKMARK [2][-]{section*.43}{\376\377\000D\000M\000\040\000H\000a\000m\000i\000l\000t\000o\000n\000i\000a\000n\000\040\000i\000n\000\040\000B\000e\000r\000t\000a\000u\000t\000\040\000f\000o\000r\000m}{section*.34}% 25
\BOOKMARK [2][-]{section*.44}{\376\377\000G\000r\000o\000u\000n\000d\000\040\000s\000t\000a\000t\000e\000\040\000i\000n\000\040\000t\000h\000e\000\040\000G\000a\000m\000m\000a\0002\000\040\000p\000h\000a\000s\000e}{section*.34}% 26
\BOOKMARK [1][-]{section*.45}{\376\377\000T\000m\040\023\000F\000e\000\040\000c\000o\000u\000p\000l\000i\000n\000g}{section*.2}% 27
\BOOKMARK [2][-]{section*.46}{\376\377\000M\000o\000s\000t\000\040\000g\000e\000n\000e\000r\000a\000l\000\040\000b\000i\000l\000i\000n\000e\000a\000r\000\040\000c\000o\000u\000p\000l\000i\000n\000g}{section*.45}% 28
\BOOKMARK [2][-]{section*.47}{\376\377\000S\000u\000r\000v\000i\000v\000i\000n\000g\000\040\000q\000=\0000\000\040\000c\000h\000a\000n\000n\000e\000l\000s}{section*.45}% 29
\BOOKMARK [2][-]{section*.48}{\376\377\000B\000a\000r\000e\000\040\000C\000E\000F\000\040\000f\000i\000e\000l\000d\000\040\000o\000n\000\040\000t\000h\000e\000\040\000T\000m\000\040\000q\000u\000t\000r\000i\000t}{section*.45}% 30
\BOOKMARK [2][-]{section*.49}{\376\377\000A\000n\000i\000s\000o\000t\000r\000o\000p\000y\000\040\000m\000o\000d\000u\000l\000a\000t\000i\000o\000n\000:\000\040\000V\000a\000n\000\040\000V\000l\000e\000c\000k\000\040\000b\000a\000c\000k\000-\000a\000c\000t\000i\000o\000n}{section*.45}% 31
\BOOKMARK [2][-]{section*.50}{\376\377\000C\000o\000h\000e\000r\000e\000n\000c\000e\000\040\000c\000o\000n\000t\000r\000i\000b\000u\000t\000i\000o\000n\000\040\000t\000o\000\040\000V\000a\000n\000\040\000V\000l\000e\000c\000k}{section*.45}% 32
\BOOKMARK [1][-]{section*.51}{\376\377\000D\000r\000i\000v\000e\000\040\000H\000a\000m\000i\000l\000t\000o\000n\000i\000a\000n}{section*.2}% 33
\BOOKMARK [2][-]{section*.52}{\376\377\000D\000r\000i\000v\000e\000\040\000H\000a\000m\000i\000l\000t\000o\000n\000i\000a\000n\000\040\000i\000n\000\040\000B\000e\000r\000t\000a\000u\000t\000\040\000f\000o\000r\000m}{section*.51}% 34
\BOOKMARK [1][-]{section*.53}{\376\377\000M\000i\000c\000r\000o\000s\000c\000o\000p\000i\000c\000\040\000H\000a\000m\000i\000l\000t\000o\000n\000i\000a\000n\000\040\000a\000n\000d\000\040\000q\000=\0000\000\040\000R\000e\000d\000u\000c\000t\000i\000o\000n}{section*.2}% 35
\BOOKMARK [1][-]{section*.54}{\376\377\0002\000D\000C\000S\000\040\000f\000r\000a\000m\000e\000w\000o\000r\000k\000\040\000a\000n\000d\000\040\000e\000x\000p\000e\000r\000i\000m\000e\000n\000t\000a\000l\000\040\000g\000e\000o\000m\000e\000t\000r\000i\000e\000s}{section*.2}% 36
\BOOKMARK [2][-]{section*.55}{\376\377\000E\000x\000p\000e\000r\000i\000m\000e\000n\000t\000a\000l\000\040\000n\000o\000n\000l\000i\000n\000e\000a\000r\000\040\000f\000i\000e\000l\000d\000,\000\040\000n\000o\000r\000m\000a\000l\000\040\000c\000o\000o\000r\000d\000i\000n\000a\000t\000e\000s\000,\000\040\000a\000n\000d\000\040\000g\000e\000o\000m\000e\000t\000r\000y\000\040\000c\000h\000a\000n\000n\000e\000l\000s}{section*.54}% 37
\BOOKMARK [2][-]{section*.56}{\376\377\000T\000h\000e\000\040\000t\000h\000i\000r\000d\000-\000o\000r\000d\000e\000r\000\040\000r\000e\000s\000p\000o\000n\000s\000e\000\040\000f\000u\000n\000c\000t\000i\000o\000n}{section*.54}% 38
\BOOKMARK [1][-]{section*.57}{\376\377\000S\000U\000\050\0003\000\051\000\040\000B\000l\000o\000c\000h\000\040\000d\000y\000n\000a\000m\000i\000c\000s\000\040\000w\000i\000t\000h\000\040\000C\000P\000T\000P\000\040\000d\000i\000s\000s\000i\000p\000a\000t\000i\000o\000n}{section*.2}% 39
\BOOKMARK [2][-]{section*.58}{\376\377\000C\000o\000h\000e\000r\000e\000n\000t\000\040\000e\000v\000o\000l\000u\000t\000i\000o\000n}{section*.57}% 40
\BOOKMARK [2][-]{section*.59}{\376\377\000L\000i\000n\000d\000b\000l\000a\000d\000\040\000d\000i\000s\000s\000i\000p\000a\000t\000o\000r}{section*.57}% 41
\BOOKMARK [2][-]{section*.60}{\376\377\000L\000i\000n\000e\000a\000r\000i\000z\000a\000t\000i\000o\000n\000\040\000a\000r\000o\000u\000n\000d\000\040\000t\000h\000e\000\040\000|\000E\0001\000>\000\040\000v\000a\000c\000u\000u\000m}{section*.57}% 42
\BOOKMARK [1][-]{section*.62}{\376\377\000E\000f\000f\000e\000c\000t\000i\000v\000e\000\040\000F\000e\000\040\000m\000a\000g\000n\000o\000n\000\040\000s\000e\000c\000t\000o\000r\000\040\000a\000r\000o\000u\000n\000d\000\040\000t\000h\000e\000\040\000G\000a\000m\000m\000a\0002\000\040\000g\000r\000o\000u\000n\000d\000\040\000s\000t\000a\000t\000e}{section*.2}% 43
\BOOKMARK [2][-]{section*.63}{\376\377\000L\000i\000n\000e\000a\000r\000i\000z\000a\000t\000i\000o\000n}{section*.62}% 44
\BOOKMARK [2][-]{section*.64}{\376\377\000E\000x\000p\000l\000i\000c\000i\000t\000\040\0004\000x\0004\000\040\000l\000i\000n\000e\000a\000r\000i\000z\000e\000d\000\040\000m\000a\000t\000r\000i\000x}{section*.62}% 45
\BOOKMARK [2][-]{section*.65}{\376\377\000q\000F\000M\000\040\000f\000r\000e\000q\000u\000e\000n\000c\000y}{section*.62}% 46
\BOOKMARK [2][-]{section*.66}{\376\377\000q\000A\000F\000M\000\040\000f\000r\000e\000q\000u\000e\000n\000c\000y\000:\000\040\000w\000i\000t\000h\000\040\000t\000h\000e\000\040\000D\000M\000\040\000g\000a\000p}{section*.62}% 47
\BOOKMARK [2][-]{section*.67}{\376\377\000S\000p\000i\000n\000-\000r\000e\000o\000r\000i\000e\000n\000t\000a\000t\000i\000o\000n\000\040\000t\000r\000a\000n\000s\000i\000t\000i\000o\000n\000s}{section*.62}% 48
\BOOKMARK [1][-]{section*.68}{\376\377\000C\000o\000h\000e\000r\000e\000n\000t\000\040\000e\000m\000i\000s\000s\000i\000o\000n}{section*.2}% 49
\BOOKMARK [1][-]{section*.69}{\376\377\000L\000i\000n\000e\000a\000r\000i\000z\000e\000d\000\040\000j\000o\000i\000n\000t\000\040\000E\000O\000M}{section*.2}% 50
\BOOKMARK [2][-]{section*.70}{\376\377\000J\000o\000i\000n\000t\000\040\000v\000a\000r\000i\000a\000b\000l\000e\000\040\000v\000e\000c\000t\000o\000r}{section*.69}% 51
\BOOKMARK [2][-]{section*.71}{\376\377\000J\000o\000i\000n\000t\000\040\000m\000a\000t\000r\000i\000x}{section*.69}% 52
\BOOKMARK [1][-]{section*.72}{\376\377\000D\000e\000t\000a\000i\000l\000e\000d\000\040\000L\000i\000o\000u\000v\000i\000l\000l\000e\000-\000p\000a\000t\000h\000w\000a\000y\000\040\000a\000n\000a\000l\000y\000s\000i\000s\000\040\000o\000f\000\040\000t\000h\000e\000\040\000s\000i\000x\000\040\0002\000D\000C\000S\000\040\000p\000e\000a\000k\000s}{section*.2}% 53
\BOOKMARK [2][-]{section*.73}{\376\377\000G\000e\000n\000e\000r\000a\000l\000\040\000p\000e\000a\000k\000\040\000a\000m\000p\000l\000i\000t\000u\000d\000e\000\040\000e\000x\000p\000r\000e\000s\000s\000i\000o\000n}{section*.72}% 54
\BOOKMARK [2][-]{section*.74}{\376\377\000B\000e\000r\000t\000a\000u\000t\000\040\000b\000o\000o\000k\000k\000e\000e\000p\000i\000n\000g\000\040\000f\000o\000r\000\040\000e\000v\000e\000r\000y\000\040\000p\000a\000t\000h\000w\000a\000y}{section*.72}% 55
\BOOKMARK [2][-]{section*.78}{\376\377\000G\000e\000o\000m\000e\000t\000r\000y\000\040\000I\000:\000\040\000H\000|\000|\000a\000,\000\040\000E\000|\000|\000c\000,\000\040\000V\000V}{section*.72}% 56
\BOOKMARK [2][-]{section*.82}{\376\377\000G\000e\000o\000m\000e\000t\000r\000y\000\040\000I\000I\000:\000\040\000H\000|\000|\000a\000,\000\040\000E\000|\000|\000c\000,\000\040\000V\000H}{section*.72}% 57
\BOOKMARK [2][-]{section*.84}{\376\377\000G\000e\000o\000m\000e\000t\000r\000y\000\040\000I\000I\000I\000:\000\040\000H\000|\000|\000c\000,\000\040\000E\000|\000|\000a\000,\000\040\000V\000H}{section*.72}% 58
\BOOKMARK [2][-]{section*.87}{\376\377\000S\000u\000m\000m\000a\000r\000y\000\040\000p\000e\000a\000k\000\040\000t\000a\000b\000l\000e}{section*.72}% 59
\BOOKMARK [2][-]{section*.88}{\376\377\000E\000x\000p\000l\000i\000c\000i\000t\000\040\000m\000a\000t\000r\000i\000x\000-\000e\000l\000e\000m\000e\000n\000t\000\040\000c\000a\000t\000a\000l\000o\000g\000u\000e}{section*.72}% 60
\BOOKMARK [1][-]{section*.93}{\376\377\000P\000e\000r\000t\000u\000r\000b\000a\000t\000i\000v\000e\000\040\000E\000O\000M\000\040\000d\000e\000r\000i\000v\000a\000t\000i\000o\000n\000\040\000o\000f\000\040\000c\000h\000i\000\050\0003\000\051}{section*.2}% 61
\BOOKMARK [2][-]{section*.94}{\376\377\000S\000e\000t\000u\000p\000:\000\040\000n\000o\000n\000l\000i\000n\000e\000a\000r\000\040\000j\000o\000i\000n\000t\000\040\000E\000O\000M}{section*.93}% 62
\BOOKMARK [2][-]{section*.97}{\376\377\000S\000t\000a\000n\000d\000a\000r\000d\000\040\000s\000e\000c\000o\000n\000d\000-\000o\000r\000d\000e\000r\000\040\000n\000o\000r\000m\000a\000l\000-\000c\000o\000o\000r\000d\000i\000n\000a\000t\000e\000\040\000f\000o\000r\000m}{section*.93}% 63
\BOOKMARK [2][-]{section*.98}{\376\377\000E\000x\000p\000l\000i\000c\000i\000t\000\040\000s\000c\000a\000l\000a\000r\000\040\000E\000O\000M\000s\000\040\000i\000n\000\040\000t\000h\000e\000\040\000p\000h\000y\000s\000i\000c\000a\000l\000\040\000m\000o\000d\000e\000\040\000b\000a\000s\000i\000s}{section*.93}% 64
\BOOKMARK [2][-]{section*.99}{\376\377\000O\000r\000d\000e\000r\000-\000b\000y\000-\000o\000r\000d\000e\000r\000\040\000e\000x\000p\000a\000n\000s\000i\000o\000n}{section*.93}% 65
\BOOKMARK [2][-]{section*.100}{\376\377\000N\000u\000m\000e\000r\000i\000c\000a\000l\000\040\0002\000D\000C\000S\000\040\000s\000i\000m\000u\000l\000a\000t\000i\000o\000n\000\040\000p\000r\000o\000t\000o\000c\000o\000l}{section*.93}% 66
\BOOKMARK [2][-]{section*.101}{\376\377\000S\000t\000r\000u\000c\000t\000u\000r\000e\000\040\000o\000f\000\040\000G\000\050\000o\000m\000e\000g\000a\000\051}{section*.93}% 67
\BOOKMARK [2][-]{section*.102}{\376\377\000P\000a\000t\000h\000w\000a\000y\000-\000b\000y\000-\000p\000a\000t\000h\000w\000a\000y\000\040\000r\000e\000c\000o\000v\000e\000r\000y\000\040\000o\000f\000\040\000c\000h\000i\000\050\0003\000\051}{section*.93}% 68
\BOOKMARK [2][-]{section*.106}{\376\377\000S\000u\000m\000m\000a\000r\000y\000:\000\040\000E\000O\000M\000-\000L\000i\000o\000u\000v\000i\000l\000l\000e\000\040\000d\000i\000c\000t\000i\000o\000n\000a\000r\000y}{section*.93}% 69
\BOOKMARK [1][-]{section*.107}{\376\377\000C\000o\000n\000c\000l\000u\000s\000i\000o\000n}{section*.2}% 70
\BOOKMARK [1][-]{section*.108}{\376\377\000C\000o\000n\000v\000e\000n\000t\000i\000o\000n\000s\000\040\000g\000l\000o\000s\000s\000a\000r\000y}{section*.2}% 71
\BOOKMARK [1][-]{section*.109}{\376\377\000D\000M\000\040\000B\000e\000r\000t\000a\000u\000t\000\040\000p\000r\000e\000f\000a\000c\000t\000o\000r\000\040\000d\000e\000r\000i\000v\000a\000t\000i\000o\000n}{section*.2}% 72
\BOOKMARK [1][-]{section*.111}{\376\377\000I\000n\000v\000e\000r\000s\000i\000o\000n\000-\000p\000a\000i\000r\000\040\000c\000a\000n\000c\000e\000l\000l\000a\000t\000i\000o\000n\000\040\000o\000f\000\040\000m\000i\000r\000r\000o\000r\000-\000o\000d\000d\000\040\000F\000e\040\023\000T\000m\000\040\000c\000h\000a\000n\000n\000e\000l\000s}{section*.2}% 73
\BOOKMARK [1][-]{section*.112}{\376\377\000B\000o\000n\000d\000\040\000e\000n\000u\000m\000e\000r\000a\000t\000i\000o\000n}{section*.2}% 74
\BOOKMARK [2][-]{section*.113}{\376\377\000F\000e\040\023\000F\000e\000\040\000N\000N\000,\000\040\000N\000N\000N\000,\000\040\000a\000n\000d\000\040\000o\000u\000t\000-\000o\000f\000-\000p\000l\000a\000n\000e\000\040\000b\000o\000n\000d\000s}{section*.112}% 75
\BOOKMARK [2][-]{section*.117}{\376\377\000F\000e\040\023\000T\000m\000\040\000b\000o\000n\000d\000\040\000s\000h\000e\000l\000l\000s}{section*.112}% 76
\BOOKMARK [1][-]{section*.118}{\376\377\000S\000e\000c\000o\000n\000d\000-\000o\000r\000d\000e\000r\000\040\000B\000e\000r\000t\000a\000u\000t\000\040\000e\000x\000p\000a\000n\000s\000i\000o\000n}{section*.2}% 77
\BOOKMARK [1][-]{section*.119}{\376\377\000R\000e\000f\000e\000r\000e\000n\000c\000e\000s}{section*.2}% 78
\BOOKMARK [1][-]{section*.120}{\376\377\000E\000x\000e\000c\000u\000t\000a\000b\000l\000e\000\040\000v\000e\000r\000i\000f\000i\000c\000a\000t\000i\000o\000n\000\040\000s\000t\000a\000t\000u\000s}{section*.2}% 79
