\BOOKMARK [1][-]{section.1}{\376\377\000C\000o\000n\000v\000e\000n\000t\000i\000o\000n\000s}{}% 1
\BOOKMARK [2][-]{subsection.1.1}{\376\377\000S\000i\000t\000e\000s\000\040\000a\000n\000d\000\040\000s\000u\000b\000l\000a\000t\000t\000i\000c\000e\000\040\000f\000r\000a\000m\000e\000s}{section.1}% 2
\BOOKMARK [2][-]{subsection.1.2}{\376\377\000B\000e\000r\000t\000a\000u\000t\000\040\000m\000o\000d\000e\000s}{section.1}% 3
\BOOKMARK [2][-]{subsection.1.3}{\376\377\000G\000e\000l\000l\000-\000M\000a\000n\000n\000\040\000c\000l\000a\000s\000s\000i\000f\000i\000c\000a\000t\000i\000o\000n}{section.1}% 4
\BOOKMARK [2][-]{subsection.1.4}{\376\377\000P\000r\000o\000j\000e\000c\000t\000e\000d\000\040\000d\000i\000p\000o\000l\000e\000\040\000o\000p\000e\000r\000a\000t\000o\000r\000s}{section.1}% 5
\BOOKMARK [1][-]{section.2}{\376\377\000F\000e\000\040\000S\000e\000c\000t\000o\000r}{}% 6
\BOOKMARK [2][-]{subsection.2.1}{\376\377\000F\000o\000u\000r\000-\000s\000u\000b\000l\000a\000t\000t\000i\000c\000e\000\040\000H\000a\000m\000i\000l\000t\000o\000n\000i\000a\000n}{section.2}% 7
\BOOKMARK [2][-]{subsection.2.2}{\376\377\000D\000M\000\040\000b\000o\000n\000d\000\040\000p\000a\000t\000t\000e\000r\000n}{section.2}% 8
\BOOKMARK [2][-]{subsection.2.3}{\376\377\000F\000e\000\040\000Z\000e\000e\000m\000a\000n\000\040\000\050\000s\000t\000a\000t\000i\000c\000\040\000f\000i\000e\000l\000d\000\051}{section.2}% 9
\BOOKMARK [1][-]{section.3}{\376\377\000T\000m\000\040\000S\000e\000c\000t\000o\000r}{}% 10
\BOOKMARK [2][-]{subsection.3.1}{\376\377\000C\000E\000F\000\040\000H\000a\000m\000i\000l\000t\000o\000n\000i\000a\000n\000:\000\040\000t\000h\000r\000e\000e\000-\000l\000e\000v\000e\000l\000\040\000t\000r\000u\000n\000c\000a\000t\000i\000o\000n}{section.3}% 11
\BOOKMARK [2][-]{subsection.3.2}{\376\377\000T\000m\000\040\000Z\000e\000e\000m\000a\000n\000\040\000c\000o\000u\000p\000l\000i\000n\000g\000\040\000\050\000s\000t\000a\000t\000i\000c\000\040\000f\000i\000e\000l\000d\000\051}{section.3}% 12
\BOOKMARK [2][-]{subsection.3.3}{\376\377\000T\000m\040\023\000T\000m\000\040\000d\000i\000a\000g\000o\000n\000a\000l\000\040\000b\000i\000l\000i\000n\000e\000a\000r\000s}{section.3}% 13
\BOOKMARK [1][-]{section.4}{\376\377\000F\000e\040\023\000T\000m\000\040\000C\000o\000u\000p\000l\000i\000n\000g\000s}{}% 14
\BOOKMARK [2][-]{subsection.4.1}{\376\377\000B\000i\000l\000i\000n\000e\000a\000r\000\040\000F\000e\040\023\000T\000m\000\040\000c\000o\000u\000p\000l\000i\000n\000g\000\040\000\050\000\040\000t\000e\000r\000m\000\051}{section.4}% 15
\BOOKMARK [2][-]{subsection.4.2}{\376\377\000M\000i\000x\000e\000d\000\040\000t\000r\000i\000l\000i\000n\000e\000a\000r\000\040\000W\000\040\000t\000e\000r\000m}{section.4}% 16
\BOOKMARK [2][-]{subsection.4.3}{\376\377\000T\000o\000t\000a\000l\000\040\000H\000a\000m\000i\000l\000t\000o\000n\000i\000a\000n}{section.4}% 17
\BOOKMARK [1][-]{section.5}{\376\377\000H\000o\000w\000\040\000t\000h\000e\000\040\000T\000m\000\040\000M\000a\000g\000n\000e\000t\000i\000z\000a\000t\000i\000o\000n\000\040\000I\000s\000\040\000S\000a\000v\000e\000d}{}% 18
\BOOKMARK [2][-]{subsection.5.1}{\376\377\000S\000t\000o\000r\000e\000d\000\040\000l\000o\000c\000a\000l\000\040\000S\000U\000\050\0003\000\051\000\040\000v\000a\000r\000i\000a\000b\000l\000e\000s}{section.5}% 19
\BOOKMARK [2][-]{subsection.5.2}{\376\377\000S\000u\000b\000l\000a\000t\000t\000i\000c\000e\000-\000f\000r\000a\000m\000e\000\040\000m\000a\000p\000\040\000f\000o\000r\000\040\000r\000e\000a\000d\000o\000u\000t}{section.5}% 20
\BOOKMARK [2][-]{subsection.5.3}{\376\377\000W\000h\000a\000t\000\040\000t\000h\000e\000\040\000s\000a\000v\000e\000d\000\040\000S\000U\000\050\0003\000\051\000\040\000m\000a\000g\000n\000e\000t\000i\000z\000a\000t\000i\000o\000n\000\040\000m\000e\000a\000n\000s}{section.5}% 21
\BOOKMARK [2][-]{subsection.5.4}{\376\377\000R\000e\000c\000o\000v\000e\000r\000i\000n\000g\000\040\000t\000h\000e\000\040\000p\000h\000y\000s\000i\000c\000a\000l\000\040\000T\000m\000\040\000d\000i\000p\000o\000l\000e}{section.5}% 22
\BOOKMARK [1][-]{section.6}{\376\377\000D\000r\000i\000v\000e\000\040\000H\000a\000m\000i\000l\000t\000o\000n\000i\000a\000n}{}% 23
\BOOKMARK [2][-]{subsection.6.1}{\376\377\000P\000u\000l\000s\000e\000\040\000e\000n\000v\000e\000l\000o\000p\000e}{section.6}% 24
\BOOKMARK [2][-]{subsection.6.2}{\376\377\000F\000e\000\040\000d\000r\000i\000v\000e}{section.6}% 25
\BOOKMARK [2][-]{subsection.6.3}{\376\377\000T\000m\000\040\000d\000r\000i\000v\000e}{section.6}% 26
