\BOOKMARK [0][-]{section*.2}{\376\377\000H\000o\000l\000s\000t\000e\000i\000n\040\023\000P\000r\000i\000m\000a\000k\000o\000f\000f\000\040\000m\000a\000g\000n\000o\000n\000s\000\040\000c\000o\000u\000p\000l\000e\000d\000\040\000t\000o\000\040\000S\000U\000\050\0003\000\051\000\040\000f\000l\000a\000v\000o\000r\000-\000w\000a\000v\000e\000\040\000b\000o\000s\000o\000n\000s\000\040\000o\000n\000\040\000t\000h\000e\000\040\000P\000b\000n\000m\000\040\000f\000o\000u\000r\000-\000s\000u\000b\000l\000a\000t\000t\000i\000c\000e\000\040\000c\000e\000l\000l\000\040\000o\000f\000\040\000T\000m\000F\000e\000O\0003\000:\000\040\000l\000i\000n\000e\000a\000r\000i\000z\000e\000d\000\040\000e\000q\000u\000a\000t\000i\000o\000n\000s\000\040\000o\000f\000\040\000m\000o\000t\000i\000o\000n}{}% 2
\BOOKMARK [1][-]{section*.1}{\376\377\000A\000b\000s\000t\000r\000a\000c\000t}{section*.2}% 1
\BOOKMARK [1][-]{section*.3}{\376\377\000C\000o\000n\000t\000e\000n\000t\000s}{section*.2}% 3
\BOOKMARK [1][-]{section*.4}{\376\377\000S\000e\000t\000u\000p\000\040\000a\000n\000d\000\040\000n\000o\000t\000a\000t\000i\000o\000n}{section*.2}% 4
\BOOKMARK [2][-]{section*.5}{\376\377\000H\000a\000m\000i\000l\000t\000o\000n\000i\000a\000n\000\040\000r\000e\000c\000a\000p}{section*.4}% 5
\BOOKMARK [2][-]{section*.6}{\376\377\000G\000r\000o\000u\000n\000d\000\040\000s\000t\000a\000t\000e\000\040\000a\000n\000d\000\040\000l\000o\000c\000a\000l\000\040\000r\000o\000t\000a\000t\000i\000o\000n\000s}{section*.4}% 6
\BOOKMARK [1][-]{section*.7}{\376\377\000F\000e\000\040\000s\000e\000c\000t\000o\000r\000:\000\040\000H\000o\000l\000s\000t\000e\000i\000n\040\023\000P\000r\000i\000m\000a\000k\000o\000f\000f\000\040\000i\000n\000\040\000l\000o\000c\000a\000l\000\040\000f\000r\000a\000m\000e\000s}{section*.2}% 7
\BOOKMARK [2][-]{section*.8}{\376\377\000H\000P\000\040\000e\000x\000p\000a\000n\000s\000i\000o\000n}{section*.7}% 8
\BOOKMARK [2][-]{section*.9}{\376\377\000B\000i\000l\000i\000n\000e\000a\000r\000\040\000b\000o\000n\000d\000\040\000H\000a\000m\000i\000l\000t\000o\000n\000i\000a\000n}{section*.7}% 9
\BOOKMARK [2][-]{section*.10}{\376\377\000D\000M\000\040\000b\000o\000n\000d\000\040\000t\000e\000r\000m\000\040\000a\000n\000d\000\040\000t\000h\000e\000\040\000q\000A\000F\000M\000\040\000g\000a\000p}{section*.7}% 10
\BOOKMARK [2][-]{section*.11}{\376\377\000S\000i\000n\000g\000l\000e\000-\000i\000o\000n\000\040\000a\000n\000i\000s\000o\000t\000r\000o\000p\000y}{section*.7}% 11
\BOOKMARK [2][-]{section*.12}{\376\377\000Z\000e\000e\000m\000a\000n}{section*.7}% 12
\BOOKMARK [1][-]{section*.13}{\376\377\000T\000m\000\040\000s\000e\000c\000t\000o\000r\000:\000\040\000g\000e\000n\000e\000r\000a\000l\000i\000z\000e\000d\000\040\000S\000U\000\050\0003\000\051\000\040\000f\000l\000a\000v\000o\000r\000-\000w\000a\000v\000e\000\040\000b\000o\000s\000o\000n\000s}{section*.2}% 13
\BOOKMARK [2][-]{section*.14}{\376\377\000S\000c\000h\000w\000i\000n\000g\000e\000r\000\040\000t\000h\000r\000e\000e\000-\000b\000o\000s\000o\000n\000\040\000r\000e\000p\000r\000e\000s\000e\000n\000t\000a\000t\000i\000o\000n}{section*.13}% 14
\BOOKMARK [2][-]{section*.15}{\376\377\000C\000o\000n\000d\000e\000n\000s\000a\000t\000e\000\040\000a\000n\000d\000\040\000H\000P\000-\000l\000i\000k\000e\000\040\000e\000x\000p\000a\000n\000s\000i\000o\000n\000\040\000a\000r\000o\000u\000n\000d\000\040\000|\000E\0001\000>}{section*.13}% 15
\BOOKMARK [2][-]{section*.16}{\376\377\000C\000E\000F\000\040\000H\000a\000m\000i\000l\000t\000o\000n\000i\000a\000n\000\040\000a\000s\000\040\000f\000l\000a\000v\000o\000r\000-\000b\000o\000s\000o\000n\000\040\000d\000i\000s\000p\000e\000r\000s\000i\000o\000n}{section*.13}% 16
\BOOKMARK [2][-]{section*.17}{\376\377\000T\000m\000\040\000Z\000e\000e\000m\000a\000n}{section*.13}% 17
\BOOKMARK [2][-]{section*.18}{\376\377\000T\000m\040\023\000T\000m\000\040\000b\000i\000l\000i\000n\000e\000a\000r\000\040\000c\000o\000u\000p\000l\000i\000n\000g\000s}{section*.13}% 18
\BOOKMARK [1][-]{section*.19}{\376\377\000F\000e\040\023\000T\000m\000\040\000c\000o\000u\000p\000l\000i\000n\000g\000\040\000s\000e\000c\000t\000o\000r\000s}{section*.2}% 19
\BOOKMARK [2][-]{section*.20}{\376\377\000c\000h\000i\000\040\000e\000x\000c\000h\000a\000n\000g\000e\000\040\000\050\000b\000i\000l\000i\000n\000e\000a\000r\000\051}{section*.19}% 20
\BOOKMARK [2][-]{section*.21}{\376\377\000W\000\040\000t\000r\000i\000l\000i\000n\000e\000a\000r\000\040\000\050\000F\000e\040\023\000F\000e\040\023\000T\000m\000\051}{section*.19}% 21
\BOOKMARK [1][-]{section*.22}{\376\377\000F\000o\000u\000r\000i\000e\000r\000\040\000t\000r\000a\000n\000s\000f\000o\000r\000m\000\040\000o\000n\000\040\000t\000h\000e\000\040\000P\000b\000n\000m\000\040\000c\000e\000l\000l}{section*.2}% 22
\BOOKMARK [2][-]{section*.23}{\376\377\000D\000e\000f\000i\000n\000i\000t\000i\000o\000n\000s}{section*.22}% 23
\BOOKMARK [2][-]{section*.24}{\376\377\000B\000o\000n\000d\000\040\000g\000e\000o\000m\000e\000t\000r\000i\000c\000\040\000f\000a\000c\000t\000o\000r\000s}{section*.22}% 24
\BOOKMARK [2][-]{section*.25}{\376\377\000B\000o\000s\000o\000n\000i\000c\000\040\000N\000a\000m\000b\000u\000\040\000v\000e\000c\000t\000o\000r}{section*.22}% 25
\BOOKMARK [1][-]{section*.26}{\376\377\000L\000i\000n\000e\000a\000r\000i\000z\000e\000d\000\040\000H\000a\000m\000i\000l\000t\000o\000n\000i\000a\000n\000\040\000i\000n\000\040\000k\000-\000s\000p\000a\000c\000e}{section*.2}% 26
\BOOKMARK [2][-]{section*.27}{\376\377\000B\000l\000o\000c\000k\000\040\000s\000t\000r\000u\000c\000t\000u\000r\000e}{section*.26}% 27
\BOOKMARK [2][-]{section*.28}{\376\377\000F\000e\000\040\000m\000a\000g\000n\000o\000n\000\040\000b\000l\000o\000c\000k\000\040\000\050\0008\000x\0008\000\051}{section*.26}% 28
\BOOKMARK [2][-]{section*.29}{\376\377\000T\000m\000\040\000f\000l\000a\000v\000o\000r\000-\000b\000o\000s\000o\000n\000\040\000b\000l\000o\000c\000k\000s\000\040\000\050\0008\000x\0008\000\040\000e\000a\000c\000h\000\051}{section*.26}% 29
\BOOKMARK [2][-]{section*.30}{\376\377\000F\000e\040\023\000T\000m\000\040\000h\000y\000b\000r\000i\000d\000i\000z\000a\000t\000i\000o\000n\000\040\000\050\0008\000x\0008\000\051}{section*.26}% 30
\BOOKMARK [1][-]{section*.31}{\376\377\000L\000i\000n\000e\000a\000r\000i\000z\000e\000d\000\040\000e\000q\000u\000a\000t\000i\000o\000n\000s\000\040\000o\000f\000\040\000m\000o\000t\000i\000o\000n}{section*.2}% 31
\BOOKMARK [2][-]{section*.32}{\376\377\000P\000a\000r\000a\000u\000n\000i\000t\000a\000r\000y\000\040\000E\000O\000M}{section*.31}% 32
\BOOKMARK [2][-]{section*.33}{\376\377\000S\000y\000m\000m\000e\000t\000r\000y\000\040\000c\000o\000n\000s\000t\000r\000a\000i\000n\000t\000s}{section*.31}% 33
\BOOKMARK [2][-]{section*.34}{\376\377\000R\000e\000c\000o\000v\000e\000r\000i\000n\000g\000\040\000t\000h\000e\000\040\000k\000=\0000\000\040\000j\000o\000i\000n\000t\000\040\000E\000O\000M}{section*.31}% 34
\BOOKMARK [1][-]{section*.35}{\376\377\000B\000e\000r\000t\000a\000u\000t\000\040\000d\000i\000a\000g\000o\000n\000a\000l\000i\000z\000a\000t\000i\000o\000n\000:\000\040\000e\000x\000p\000l\000i\000c\000i\000t\000\040\000q\000F\000M\000,\000\040\000q\000A\000F\000M\000,\000\040\000a\000n\000d\000\040\000T\000m\000\040\000f\000l\000a\000v\000o\000r\000\040\000o\000p\000e\000r\000a\000t\000o\000r\000s}{section*.2}% 35
\BOOKMARK [2][-]{section*.36}{\376\377\000K\000l\000e\000i\000n\000-\000f\000o\000u\000r\000\040\000u\000n\000i\000t\000a\000r\000y\000\040\000o\000n\000\040\000t\000h\000e\000\040\000f\000o\000u\000r\000\040\000s\000u\000b\000l\000a\000t\000t\000i\000c\000e\000s}{section*.35}% 36
\BOOKMARK [2][-]{section*.37}{\376\377\000F\000e\000\040\000B\000e\000r\000t\000a\000u\000t\000\040\000m\000a\000g\000n\000o\000n\000\040\000o\000p\000e\000r\000a\000t\000o\000r\000s}{section*.35}% 37
\BOOKMARK [2][-]{section*.38}{\376\377\000R\000e\000d\000u\000c\000e\000d\000\040\000B\000e\000r\000t\000a\000u\000t\000\040\000k\000e\000r\000n\000e\000l\000\040\000a\000t\000\040\000k\000=\0000}{section*.35}% 38
\BOOKMARK [2][-]{section*.39}{\376\377\000q\000F\000M\000\040\000a\000n\000d\000\040\000q\000A\000F\000M\000\040\000B\000o\000g\000o\000l\000i\000u\000b\000o\000v\000\040\000r\000o\000t\000a\000t\000i\000o\000n}{section*.35}% 39
\BOOKMARK [2][-]{section*.40}{\376\377\000T\000m\000\040\000f\000l\000a\000v\000o\000r\000\040\000B\000e\000r\000t\000a\000u\000t\000\040\000b\000o\000s\000o\000n\000s}{section*.35}% 40
\BOOKMARK [2][-]{section*.41}{\376\377\000S\000e\000l\000e\000c\000t\000i\000o\000n\000\040\000r\000u\000l\000e\000s\000:\000\040\000w\000h\000i\000c\000h\000\040\000B\000e\000r\000t\000a\000u\000t\000\040\000c\000l\000a\000s\000s\000e\000s\000\040\000m\000i\000x\000?}{section*.35}% 41
\BOOKMARK [1][-]{section*.42}{\376\377\000T\000o\000r\000q\000u\000e\000\040\000e\000q\000u\000a\000t\000i\000o\000n\000s\000\040\000o\000f\000\040\000m\000o\000t\000i\000o\000n}{section*.2}% 42
\BOOKMARK [2][-]{section*.43}{\376\377\000F\000i\000r\000s\000t\000-\000o\000r\000d\000e\000r\000\040\000\050\000l\000i\000n\000e\000a\000r\000\051\000\040\000t\000o\000r\000q\000u\000e\000s\000:\000\040\000F\000e\000\040\000q\000F\000M\000\040\000a\000n\000d\000\040\000q\000A\000F\000M}{section*.42}% 43
\BOOKMARK [2][-]{section*.44}{\376\377\000F\000i\000r\000s\000t\000-\000o\000r\000d\000e\000r\000\040\000t\000o\000r\000q\000u\000e\000s\000:\000\040\000T\000m\000\040\000f\000l\000a\000v\000o\000r\000\040\000b\000o\000s\000o\000n\000s}{section*.42}% 44
\BOOKMARK [2][-]{section*.45}{\376\377\000F\000i\000r\000s\000t\000-\000o\000r\000d\000e\000r\000\040\000F\000e\040\023\000T\000m\000\040\000h\000y\000b\000r\000i\000d\000i\000z\000a\000t\000i\000o\000n\000\040\000t\000e\000r\000m\000s}{section*.42}% 45
\BOOKMARK [2][-]{section*.46}{\376\377\000S\000e\000c\000o\000n\000d\000-\000o\000r\000d\000e\000r\000\040\000\050\000c\000u\000b\000i\000c\000-\000v\000e\000r\000t\000e\000x\000\051\000\040\000t\000o\000r\000q\000u\000e\000s}{section*.42}% 46
\BOOKMARK [2][-]{section*.50}{\376\377\000C\000o\000m\000p\000a\000c\000t\000\040\000s\000e\000c\000o\000n\000d\000-\000o\000r\000d\000e\000r\000\040\000t\000o\000r\000q\000u\000e\000\040\000e\000q\000u\000a\000t\000i\000o\000n\000s}{section*.42}% 47
\BOOKMARK [2][-]{section*.51}{\376\377\000R\000e\000c\000o\000v\000e\000r\000y\000\040\000o\000f\000\040\000c\000h\000i\000\050\0003\000\051\000\040\0002\000D\000C\000S\000\040\000p\000a\000t\000h\000w\000a\000y\000s}{section*.42}% 48
\BOOKMARK [1][-]{section*.52}{\376\377\000S\000u\000m\000m\000a\000r\000y}{section*.2}% 49
\BOOKMARK [1][-]{section*.53}{\376\377\000R\000e\000f\000e\000r\000e\000n\000c\000e\000s}{section*.2}% 50
