This is pdfTeX, Version 3.141592653-2.6-1.40.25 (TeX Live 2023/Debian) (preloaded format=pdflatex 2026.5.1)  21 MAY 2026 04:23
entering extended mode
 restricted \write18 enabled.
 file:line:error style messages enabled.
 %&-line parsing enabled.
**/home/pc_linux/ClassicalSpin_Cpp/docs/tmfeo3_notes.tex
(/home/pc_linux/ClassicalSpin_Cpp/docs/tmfeo3_notes.tex
LaTeX2e <2023-11-01> patch level 1
L3 programming layer <2024-01-22>
(/usr/share/texlive/texmf-dist/tex/latex/revtex/revtex4-2.cls
Document Class: revtex4-2 2022/06/05 4.2f (https://journals.aps.org/revtex/ for documentation)
 Copyright (c) 2019 American Physical Society.
 mailto:revtex@aps.org
 Licensed under the LPPL:
http://www.ctan.org/tex-archive/macros/latex/base/lppl.txt
 Arthur Ogawa <arthur_ogawa at sbcglobal dot net>
 Based on work by David Carlisle <david at dcarlisle.demon.co.uk>
 Version (4.2d--4.2f): Modified by Mark Doyle and Phelype Oleinik
 .
ltxutil[2022/06/05 4.2f utilities package (portions licensed from W. E. Baxter web at superscript.com)]
LaTeX Info: Redefining \@centercr on input line 356.
Class revtex4-2 Info: Repairing broken LaTeX eqnarray on input line 417.
\eqncolsep=\skip48
Class revtex4-2 Info: Repairing hyperref-unfriendly LaTeX definition of \mpfootnote on input line 492.
Class revtex4-2 Info: Repairing broken LateX \@sect on input line 814.
\intertabularlinepenalty=\count187
\@tbpen=\count188
\@arstrutbox@hline=\box51
Class revtex4-2 Info: Repairing broken LaTeX \@xbitor on input line 1845.
Class revtex4-2 Info: Making \typeout \long on input line 2110.
ltxfront[2022/06/05 4.2f frontmatter package (AO,DPC,MD)]
\c@affil=\count189
\c@collab=\count190
\absbox=\box52
ltxgrid[2022/06/05 4.2f page grid package (portions licensed from W. E. Baxter web at superscript.com)]
\c@linecount=\count191
\output@latex=\toks17
\box@size@1=\box53
\box@size@2=\box54
\@protection@box=\box55
\@topmark@saved=\toks18
\footins@saved=\box56
\footins@recovered=\box57
\column@recovered=\box58
\pagesofar=\box59
\footsofar=\box60
\pagegrid@col=\count192
Class revtex4-2 Info: Overriding \@vspace, \@vspacer, \@no@pgbk, \@newline, and \\  on input line 5676.
\c@part=\count193
\c@section=\count194
\c@subsection=\count195
\c@subsubsection=\count196
\c@paragraph=\count197
\c@subparagraph=\count198
\abovecaptionskip=\skip49
\belowcaptionskip=\skip50
\c@figure=\count199
\fbox@1=\box61
\c@table=\count266
\fbox@2=\box62
\c@video=\count267
\fbox@4=\box63
\@bibdataout=\write3
\widetext@top=\box64
\widetext@bot=\box65
Class revtex4-2 Info: Selecting society aps on input line 7669.
(/usr/share/texlive/texmf-dist/tex/latex/revtex/aps4-2.rtx
File: aps4-2 2022/06/05 4.2f (https://journals.aps.org/revtex/ for documentation)
Class revtex4-2 Info: RevTeX society APS selected on input line 40.
)
Class revtex4-2 Info: Selecting journal prb on input line 7671.
Class revtex4-2 Info: APS journal PRB selected on input line 7672.
 (/usr/share/texlive/texmf-dist/tex/latex/revtex/aps10pt4-2.rtx
File: aps10pt4-2 2022/06/05 4.2f (https://journals.aps.org/revtex/ for documentation)
Class revtex4-2 Info: RevTeX pointsize 10pt selected on input line 39.
) (/usr/share/texlive/texmf-dist/tex/latex/textcase/textcase.sty
Package: textcase 2023/07/27 v1.04 Text only upper/lower case changing (DPC)
Package textcase Info: Defining Legacy names on input line 20.
) (/usr/share/texlive/texmf-dist/tex/latex/amsfonts/amssymb.sty
Package: amssymb 2013/01/14 v3.01 AMS font symbols
 (/usr/share/texlive/texmf-dist/tex/latex/amsfonts/amsfonts.sty
Package: amsfonts 2013/01/14 v3.01 Basic AMSFonts support
\@emptytoks=\toks19
\symAMSa=\mathgroup4
\symAMSb=\mathgroup5
LaTeX Font Info:    Redeclaring math symbol \hbar on input line 98.
LaTeX Font Info:    Overwriting math alphabet `\mathfrak' in version `bold'
(Font)                  U/euf/m/n --> U/euf/b/n on input line 106.
)) (/usr/share/texlive/texmf-dist/tex/latex/amsmath/amsmath.sty
Package: amsmath 2023/05/13 v2.17o AMS math features
\@mathmargin=\skip51

For additional information on amsmath, use the `?' option.
(/usr/share/texlive/texmf-dist/tex/latex/amsmath/amstext.sty
Package: amstext 2021/08/26 v2.01 AMS text
 (/usr/share/texlive/texmf-dist/tex/latex/amsmath/amsgen.sty
File: amsgen.sty 1999/11/30 v2.0 generic functions
\@emptytoks=\toks20
\ex@=\dimen140
)
LaTeX Info: Redefining \text on input line 28.
) (/usr/share/texlive/texmf-dist/tex/latex/amsmath/amsbsy.sty
Package: amsbsy 1999/11/29 v1.2d Bold Symbols
\pmbraise@=\dimen141
) (/usr/share/texlive/texmf-dist/tex/latex/amsmath/amsopn.sty
Package: amsopn 2022/04/08 v2.04 operator names
)
\inf@bad=\count268
LaTeX Info: Redefining \frac on input line 234.
\uproot@=\count269
\leftroot@=\count270
LaTeX Info: Redefining \overline on input line 399.
LaTeX Info: Redefining \colon on input line 410.
\classnum@=\count271
\DOTSCASE@=\count272
LaTeX Info: Redefining \ldots on input line 496.
LaTeX Info: Redefining \dots on input line 499.
LaTeX Info: Redefining \cdots on input line 620.
\Mathstrutbox@=\box66
\strutbox@=\box67
LaTeX Info: Redefining \big on input line 722.
LaTeX Info: Redefining \Big on input line 723.
LaTeX Info: Redefining \bigg on input line 724.
LaTeX Info: Redefining \Bigg on input line 725.
\big@size=\dimen142
LaTeX Font Info:    Redeclaring font encoding OML on input line 743.
LaTeX Font Info:    Redeclaring font encoding OMS on input line 744.
\macc@depth=\count273
LaTeX Info: Redefining \bmod on input line 905.
LaTeX Info: Redefining \pmod on input line 910.
LaTeX Info: Redefining \smash on input line 940.
LaTeX Info: Redefining \relbar on input line 970.
LaTeX Info: Redefining \Relbar on input line 971.
\c@MaxMatrixCols=\count274
\dotsspace@=\muskip16
\c@parentequation=\count275
\dspbrk@lvl=\count276
\tag@help=\toks21
\row@=\count277
\column@=\count278
\maxfields@=\count279
\andhelp@=\toks22
\eqnshift@=\dimen143
\alignsep@=\dimen144
\tagshift@=\dimen145
\tagwidth@=\dimen146
\totwidth@=\dimen147
\lineht@=\dimen148
\@envbody=\toks23
\multlinegap=\skip52
\multlinetaggap=\skip53
\mathdisplay@stack=\toks24
LaTeX Info: Redefining \[ on input line 2953.
LaTeX Info: Redefining \] on input line 2954.
) (/usr/share/texlive/texmf-dist/tex/latex/url/url.sty
\Urlmuskip=\muskip17
Package: url 2013/09/16  ver 3.4  Verb mode for urls, etc.
) (/usr/share/texlive/texmf-dist/tex/latex/natbib/natbib.sty
Package: natbib 2010/09/13 8.31b (PWD, AO)
\bibhang=\skip54
\bibsep=\skip55
LaTeX Info: Redefining \cite on input line 694.
\c@NAT@ctr=\count280
)
Class revtex4-2 Info: Repairing natbib's \BibitemShut on input line 7676.
 (/usr/share/texlive/texmf-dist/tex/latex/revtex/revsymb4-2.sty
Package: revsymb4-2 2022/06/05 4.2f (https://journals.aps.org/revtex/ for documentation)
LaTeX Info: Redefining \frak on input line 104.
LaTeX Info: Redefining \Bbb on input line 120.
LaTeX Info: Redefining \REV@mathfrak on input line 128.
)) (/usr/share/texlive/texmf-dist/tex/latex/graphics/graphicx.sty
Package: graphicx 2021/09/16 v1.2d Enhanced LaTeX Graphics (DPC,SPQR)
 (/usr/share/texlive/texmf-dist/tex/latex/graphics/keyval.sty
Package: keyval 2022/05/29 v1.15 key=value parser (DPC)
\KV@toks@=\toks25
) (/usr/share/texlive/texmf-dist/tex/latex/graphics/graphics.sty
Package: graphics 2022/03/10 v1.4e Standard LaTeX Graphics (DPC,SPQR)
 (/usr/share/texlive/texmf-dist/tex/latex/graphics/trig.sty
Package: trig 2021/08/11 v1.11 sin cos tan (DPC)
) (/usr/share/texlive/texmf-dist/tex/latex/graphics-cfg/graphics.cfg
File: graphics.cfg 2016/06/04 v1.11 sample graphics configuration
)
Package graphics Info: Driver file: pdftex.def on input line 107.
 (/usr/share/texlive/texmf-dist/tex/latex/graphics-def/pdftex.def
File: pdftex.def 2022/09/22 v1.2b Graphics/color driver for pdftex
))
\Gin@req@height=\dimen149
\Gin@req@width=\dimen150
) (/usr/share/texlive/texmf-dist/tex/latex/tools/bm.sty
Package: bm 2023/07/08 v1.2f Bold Symbol Support (DPC/FMi)
\symboldoperators=\mathgroup6
\symboldletters=\mathgroup7
\symboldsymbols=\mathgroup8
Package bm Info: No bold for \OMX/cmex/m/n, using \pmb.
Package bm Info: No bold for \U/msa/m/n, using \pmb.
Package bm Info: No bold for \U/msb/m/n, using \pmb.
LaTeX Font Info:    Redeclaring math alphabet \mathbf on input line 149.
LaTeX Info: Redefining \bm on input line 219.
) (/usr/share/texlive/texmf-dist/tex/latex/hyperref/hyperref.sty
Package: hyperref 2024-01-20 v7.01h Hypertext links for LaTeX
 (/usr/share/texlive/texmf-dist/tex/generic/iftex/iftex.sty
Package: iftex 2022/02/03 v1.0f TeX engine tests
) (/usr/share/texlive/texmf-dist/tex/latex/kvsetkeys/kvsetkeys.sty
Package: kvsetkeys 2022-10-05 v1.19 Key value parser (HO)
) (/usr/share/texlive/texmf-dist/tex/generic/kvdefinekeys/kvdefinekeys.sty
Package: kvdefinekeys 2019-12-19 v1.6 Define keys (HO)
) (/usr/share/texlive/texmf-dist/tex/generic/pdfescape/pdfescape.sty
Package: pdfescape 2019/12/09 v1.15 Implements pdfTeX's escape features (HO)
 (/usr/share/texlive/texmf-dist/tex/generic/ltxcmds/ltxcmds.sty
Package: ltxcmds 2023-12-04 v1.26 LaTeX kernel commands for general use (HO)
) (/usr/share/texlive/texmf-dist/tex/generic/pdftexcmds/pdftexcmds.sty
Package: pdftexcmds 2020-06-27 v0.33 Utility functions of pdfTeX for LuaTeX (HO)
 (/usr/share/texlive/texmf-dist/tex/generic/infwarerr/infwarerr.sty
Package: infwarerr 2019/12/03 v1.5 Providing info/warning/error messages (HO)
)
Package pdftexcmds Info: \pdf@primitive is available.
Package pdftexcmds Info: \pdf@ifprimitive is available.
Package pdftexcmds Info: \pdfdraftmode found.
)) (/usr/share/texlive/texmf-dist/tex/latex/hycolor/hycolor.sty
Package: hycolor 2020-01-27 v1.10 Color options for hyperref/bookmark (HO)
) (/usr/share/texlive/texmf-dist/tex/latex/auxhook/auxhook.sty
Package: auxhook 2019-12-17 v1.6 Hooks for auxiliary files (HO)
) (/usr/share/texlive/texmf-dist/tex/latex/hyperref/nameref.sty
Package: nameref 2023-11-26 v2.56 Cross-referencing by name of section
 (/usr/share/texlive/texmf-dist/tex/latex/refcount/refcount.sty
Package: refcount 2019/12/15 v3.6 Data extraction from label references (HO)
) (/usr/share/texlive/texmf-dist/tex/generic/gettitlestring/gettitlestring.sty
Package: gettitlestring 2019/12/15 v1.6 Cleanup title references (HO)
 (/usr/share/texlive/texmf-dist/tex/latex/kvoptions/kvoptions.sty
Package: kvoptions 2022-06-15 v3.15 Key value format for package options (HO)
))

Package nameref Warning: The definition of \label has changed! 
(nameref)                Check your packages! 
(nameref)                Replacing it with the kernel definition on input line 149.

\c@section@level=\count281
) (/usr/share/texlive/texmf-dist/tex/latex/etoolbox/etoolbox.sty
Package: etoolbox 2020/10/05 v2.5k e-TeX tools for LaTeX (JAW)
\etb@tempcnta=\count282
)
\@linkdim=\dimen151
\Hy@linkcounter=\count283
\Hy@pagecounter=\count284
 (/usr/share/texlive/texmf-dist/tex/latex/hyperref/pd1enc.def
File: pd1enc.def 2024-01-20 v7.01h Hyperref: PDFDocEncoding definition (HO)
Now handling font encoding PD1 ...
... no UTF-8 mapping file for font encoding PD1
) (/usr/share/texlive/texmf-dist/tex/generic/intcalc/intcalc.sty
Package: intcalc 2019/12/15 v1.3 Expandable calculations with integers (HO)
)
\Hy@SavedSpaceFactor=\count285
 (/usr/share/texlive/texmf-dist/tex/latex/hyperref/puenc.def
File: puenc.def 2024-01-20 v7.01h Hyperref: PDF Unicode definition (HO)
Now handling font encoding PU ...
... no UTF-8 mapping file for font encoding PU
)
Package hyperref Info: Hyper figures OFF on input line 4179.
Package hyperref Info: Link nesting OFF on input line 4184.
Package hyperref Info: Hyper index ON on input line 4187.
Package hyperref Info: Plain pages OFF on input line 4194.
Package hyperref Info: Backreferencing OFF on input line 4199.
Package hyperref Info: Implicit mode ON; LaTeX internals redefined.
Package hyperref Info: Bookmarks ON on input line 4446.
LaTeX Info: Redefining \href on input line 4695.
\c@Hy@tempcnt=\count286
LaTeX Info: Redefining \url on input line 4784.
\XeTeXLinkMargin=\dimen152
 (/usr/share/texlive/texmf-dist/tex/generic/bitset/bitset.sty
Package: bitset 2019/12/09 v1.3 Handle bit-vector datatype (HO)
 (/usr/share/texlive/texmf-dist/tex/generic/bigintcalc/bigintcalc.sty
Package: bigintcalc 2019/12/15 v1.5 Expandable calculations on big integers (HO)
))
\Fld@menulength=\count287
\Field@Width=\dimen153
\Fld@charsize=\dimen154
Package hyperref Info: Hyper figures OFF on input line 6063.
Package hyperref Info: Link nesting OFF on input line 6068.
Package hyperref Info: Hyper index ON on input line 6071.
Package hyperref Info: backreferencing OFF on input line 6078.
Package hyperref Info: Link coloring OFF on input line 6083.
Package hyperref Info: Link coloring with OCG OFF on input line 6088.
Package hyperref Info: PDF/A mode OFF on input line 6093.
 (/usr/share/texlive/texmf-dist/tex/latex/base/atbegshi-ltx.sty
Package: atbegshi-ltx 2021/01/10 v1.0c Emulation of the original atbegshi
package with kernel methods
)
\Hy@abspage=\count288
\c@Item=\count289
\c@Hfootnote=\count290
)
Package hyperref Info: Driver (autodetected): hpdftex.
 (/usr/share/texlive/texmf-dist/tex/latex/hyperref/hpdftex.def
File: hpdftex.def 2024-01-20 v7.01h Hyperref driver for pdfTeX
 (/usr/share/texlive/texmf-dist/tex/latex/base/atveryend-ltx.sty
Package: atveryend-ltx 2020/08/19 v1.0a Emulation of the original atveryend package
with kernel methods
)
\Fld@listcount=\count291
\c@bookmark@seq@number=\count292
 (/usr/share/texlive/texmf-dist/tex/latex/rerunfilecheck/rerunfilecheck.sty
Package: rerunfilecheck 2022-07-10 v1.10 Rerun checks for auxiliary files (HO)
 (/usr/share/texlive/texmf-dist/tex/generic/uniquecounter/uniquecounter.sty
Package: uniquecounter 2019/12/15 v1.4 Provide unlimited unique counter (HO)
)
Package uniquecounter Info: New unique counter `rerunfilecheck' on input line 285.
)
\Hy@SectionHShift=\skip56
) (/usr/share/texlive/texmf-dist/tex/latex/xcolor/xcolor.sty
Package: xcolor 2023/11/15 v3.01 LaTeX color extensions (UK)
 (/usr/share/texlive/texmf-dist/tex/latex/graphics-cfg/color.cfg
File: color.cfg 2016/01/02 v1.6 sample color configuration
)
Package xcolor Info: Driver file: pdftex.def on input line 274.
 (/usr/share/texlive/texmf-dist/tex/latex/graphics/mathcolor.ltx)
Package xcolor Info: Model `cmy' substituted by `cmy0' on input line 1350.
Package xcolor Info: Model `hsb' substituted by `rgb' on input line 1354.
Package xcolor Info: Model `RGB' extended on input line 1366.
Package xcolor Info: Model `HTML' substituted by `rgb' on input line 1368.
Package xcolor Info: Model `Hsb' substituted by `hsb' on input line 1369.
Package xcolor Info: Model `tHsb' substituted by `hsb' on input line 1370.
Package xcolor Info: Model `HSB' substituted by `hsb' on input line 1371.
Package xcolor Info: Model `Gray' substituted by `gray' on input line 1372.
Package xcolor Info: Model `wave' substituted by `hsb' on input line 1373.
) (/usr/share/texlive/texmf-dist/tex/latex/enumitem/enumitem.sty
Package: enumitem 2019/06/20 v3.9 Customized lists
\labelindent=\skip57
\enit@outerparindent=\dimen155
\enit@toks=\toks26
\enit@inbox=\box68
\enit@count@id=\count293
\enitdp@description=\count294
) (/usr/share/texlive/texmf-dist/tex/latex/booktabs/booktabs.sty
Package: booktabs 2020/01/12 v1.61803398 Publication quality tables
\heavyrulewidth=\dimen156
\lightrulewidth=\dimen157
\cmidrulewidth=\dimen158
\belowrulesep=\dimen159
\belowbottomsep=\dimen160
\aboverulesep=\dimen161
\abovetopsep=\dimen162
\cmidrulesep=\dimen163
\cmidrulekern=\dimen164
\defaultaddspace=\dimen165
\@cmidla=\count295
\@cmidlb=\count296
\@aboverulesep=\dimen166
\@belowrulesep=\dimen167
\@thisruleclass=\count297
\@lastruleclass=\count298
\@thisrulewidth=\dimen168
) (/usr/share/texlive/texmf-dist/tex/latex/mathtools/mathtools.sty
Package: mathtools 2022/06/29 v1.29 mathematical typesetting tools
 (/usr/share/texlive/texmf-dist/tex/latex/tools/calc.sty
Package: calc 2023/07/08 v4.3 Infix arithmetic (KKT,FJ)
\calc@Acount=\count299
\calc@Bcount=\count300
\calc@Adimen=\dimen169
\calc@Bdimen=\dimen170
\calc@Askip=\skip58
\calc@Bskip=\skip59
LaTeX Info: Redefining \setlength on input line 80.
LaTeX Info: Redefining \addtolength on input line 81.
\calc@Ccount=\count301
\calc@Cskip=\skip60
) (/usr/share/texlive/texmf-dist/tex/latex/mathtools/mhsetup.sty
Package: mhsetup 2021/03/18 v1.4 programming setup (MH)
)
\g_MT_multlinerow_int=\count302
\l_MT_multwidth_dim=\dimen171
\origjot=\skip61
\l_MT_shortvdotswithinadjustabove_dim=\dimen172
\l_MT_shortvdotswithinadjustbelow_dim=\dimen173
\l_MT_above_intertext_sep=\dimen174
\l_MT_below_intertext_sep=\dimen175
\l_MT_above_shortintertext_sep=\dimen176
\l_MT_below_shortintertext_sep=\dimen177
\xmathstrut@box=\box69
\xmathstrut@dim=\dimen178
) (/usr/share/texlive/texmf-dist/tex/latex/doublestroke/dsfont.sty
Package: dsfont 1995/08/01 v0.1 Double stroke roman fonts
)
Package hyperref Info: Option `colorlinks' set `true' on input line 34.
Class revtex4-2 Info: Unrecognized LaTeX tabular. Please update this document class! (Proceeding with fingers crossed.) on input line 67.
Class revtex4-2 Info: cite was not loaded (OK!) on input line 67.
Class revtex4-2 Info: mcite was not loaded (OK!) on input line 67.
Class revtex4-2 Info: multicol was not loaded (OK!) on input line 67.
 (/usr/share/texlive/texmf-dist/tex/latex/l3backend/l3backend-pdftex.def
File: l3backend-pdftex.def 2024-01-04 L3 backend support: PDF output (pdfTeX)
\l__color_backend_stack_int=\count303
\l__pdf_internal_box=\box70
) (./tmfeo3_notes.aux)
\openout1 = `tmfeo3_notes.aux'.

LaTeX Font Info:    Checking defaults for OML/cmm/m/it on input line 67.
LaTeX Font Info:    ... okay on input line 67.
LaTeX Font Info:    Checking defaults for OMS/cmsy/m/n on input line 67.
LaTeX Font Info:    ... okay on input line 67.
LaTeX Font Info:    Checking defaults for OT1/cmr/m/n on input line 67.
LaTeX Font Info:    ... okay on input line 67.
LaTeX Font Info:    Checking defaults for T1/cmr/m/n on input line 67.
LaTeX Font Info:    ... okay on input line 67.
LaTeX Font Info:    Checking defaults for TS1/cmr/m/n on input line 67.
LaTeX Font Info:    ... okay on input line 67.
LaTeX Font Info:    Checking defaults for OMX/cmex/m/n on input line 67.
LaTeX Font Info:    ... okay on input line 67.
LaTeX Font Info:    Checking defaults for U/cmr/m/n on input line 67.
LaTeX Font Info:    ... okay on input line 67.
LaTeX Font Info:    Checking defaults for PD1/pdf/m/n on input line 67.
LaTeX Font Info:    ... okay on input line 67.
LaTeX Font Info:    Checking defaults for PU/pdf/m/n on input line 67.
LaTeX Font Info:    ... okay on input line 67.
 (/usr/share/texlive/texmf-dist/tex/context/base/mkii/supp-pdf.mkii
[Loading MPS to PDF converter (version 2006.09.02).]
\scratchcounter=\count304
\scratchdimen=\dimen179
\scratchbox=\box71
\nofMPsegments=\count305
\nofMParguments=\count306
\everyMPshowfont=\toks27
\MPscratchCnt=\count307
\MPscratchDim=\dimen180
\MPnumerator=\count308
\makeMPintoPDFobject=\count309
\everyMPtoPDFconversion=\toks28
) (/usr/share/texlive/texmf-dist/tex/latex/epstopdf-pkg/epstopdf-base.sty
Package: epstopdf-base 2020-01-24 v2.11 Base part for package epstopdf
Package epstopdf-base Info: Redefining graphics rule for `.eps' on input line 485.
 (/usr/share/texlive/texmf-dist/tex/latex/latexconfig/epstopdf-sys.cfg
File: epstopdf-sys.cfg 2010/07/13 v1.3 Configuration of (r)epstopdf for TeX Live
))
Package hyperref Info: Link coloring ON on input line 67.
 (./tmfeo3_notes.out) (./tmfeo3_notes.out)
\@outlinefile=\write4
\openout4 = `tmfeo3_notes.out'.

Class revtex4-2 Info: Taking \maketitle back from hyperref on input line 67.
\openout3 = `tmfeo3_notesNotes.bib'.

LaTeX Font Info:    Trying to load font information for U+msa on input line 77.
 (/usr/share/texlive/texmf-dist/tex/latex/amsfonts/umsa.fd
File: umsa.fd 2013/01/14 v3.01 AMS symbols A
)
LaTeX Font Info:    Trying to load font information for U+msb on input line 77.
 (/usr/share/texlive/texmf-dist/tex/latex/amsfonts/umsb.fd
File: umsb.fd 2013/01/14 v3.01 AMS symbols B
) (./tmfeo3_notes.toc [1{/var/lib/texmf/fonts/map/pdftex/updmap/pdftex.map}])
\tf@toc=\write5
\openout5 = `tmfeo3_notes.toc'.


Underfull \hbox (badness 6284) in paragraph at lines 130--138
[]\OT1/cmr/m/n/10 Two-dimensional co-her-ent ter-a-hertz spec-troscopy
 []


Underfull \hbox (badness 1852) in paragraph at lines 146--151
 []\OT1/cmr/m/n/10 A non-Kramers Tm projected-dipole sec-tor with
 []


Underfull \hbox (badness 5147) in paragraph at lines 165--167
 \OT1/cmr/m/n/10 pref-ac-tor $\OML/cmm/m/it/10 Z[]=c$ \OT1/cmr/m/n/10 on the magnetic-dipole chan-nel
 []

[2]
Underfull \hbox (badness 2237) in paragraph at lines 198--203
[]\OT1/cmr/m/n/10 TmFeO$[]$ adopts the or-thorhom-bic $\OML/cmm/m/it/10 Pbnm$ \OT1/cmr/m/n/10 set-ting
 []


Underfull \hbox (badness 10000) in paragraph at lines 228--231
\OT1/cmr/m/n/10 generating the $\OML/cmm/m/it/10 D[]$ \OT1/cmr/m/n/10 point group
 []


Underfull \hbox (badness 10000) in paragraph at lines 228--231
\OMS/cmsy/m/n/10 f\OML/cmm/m/it/10 E; \OT1/cmr/m/n/10 2[]\OML/cmm/m/it/10 ; \OT1/cmr/m/n/10 2[]\OML/cmm/m/it/10 ; \OT1/cmr/m/n/10 2[]\OML/cmm/m/it/10 ; I; m[]; m[]; m[]\OMS/cmsy/m/n/10 g$ \OT1/cmr/m/n/10 with the screw and
 []


Overfull \hbox (5.55226pt too wide) detected at line 246
[][][][][]
 []


Underfull \hbox (badness 10000) in paragraph at lines 312--321
 []\OT1/cmr/m/it/10 d. Deriva-tion for Tm ($\OT1/cmr/m/n/10 4\OML/cmm/m/it/10 c$\OT1/cmr/m/it/10 ).[] \OT1/cmr/m/n/10 The Tm$[]$
 []


Underfull \hbox (badness 5490) in paragraph at lines 312--321
\OT1/cmr/m/n/10 ions sit at site sym-me-try $\OML/cmm/m/it/10 :m:$ \OT1/cmr/m/n/10 (the mir-ror $\OML/cmm/m/it/10 m[]$
 []


Underfull \hbox (badness 4846) in paragraph at lines 312--321
\OT1/cmr/m/n/10 at $\OML/cmm/m/it/10 z \OT1/cmr/m/n/10 = []\OML/cmm/m/it/10 ; []$\OT1/cmr/m/n/10 ). Its sta-bi-lizer is $\OMS/cmsy/m/n/10 f\OML/cmm/m/it/10 E; m[]\OMS/cmsy/m/n/10 g \OT1/cmr/m/n/10 =
 []

[3]
LaTeX Font Info:    Trying to load font information for U+dsrom on input line 394.
 (/usr/share/texlive/texmf-dist/tex/latex/doublestroke/Udsrom.fd
File: Udsrom.fd 1995/08/01 v0.1 Double stroke roman font definitions
) [4] [5]
Underfull \hbox (badness 2591) in paragraph at lines 660--665
\OT1/cmr/m/n/10 Quantitative mag-ni-tudes from a Judd-Ofelt anal-y-
 []

[6]
Underfull \hbox (badness 2503) in paragraph at lines 786--788
\OT1/cmr/m/n/10 with $(\OML/cmm/m/it/10 a; b; c; d\OT1/cmr/m/n/10 ) = (2\OML/cmm/m/it/10 :\OT1/cmr/m/n/10 392\OML/cmm/m/it/10 ; \OT1/cmr/m/n/10 0\OML/cmm/m/it/10 :\OT1/cmr/m/n/10 913\OML/cmm/m/it/10 ; \OMS/cmsy/m/n/10 ^^@\OT1/cmr/m/n/10 2\OML/cmm/m/it/10 :\OT1/cmr/m/n/10 787\OML/cmm/m/it/10 ; \OT1/cmr/m/n/10 0\OML/cmm/m/it/10 :\OT1/cmr/m/n/10 466)$ from
 []

[7{/usr/share/texmf/fonts/enc/dvips/cm-super/cm-super-ts1.enc}]
Overfull \hbox (10.43044pt too wide) detected at line 845
[][][][]
 []


Underfull \hbox (badness 3503) in paragraph at lines 869--877
\OT1/cmr/m/n/10 The $\OMS/cmsy/m/n/10 j\OML/cmm/m/it/10 E[]\OMS/cmsy/m/n/10 i$ \OT1/cmr/m/n/10 basis-parity as-sign-ment from Sec. [][]IIIB[][]
 []


Underfull \hbox (badness 2903) in paragraph at lines 918--929
\OT1/cmr/m/n/10 ^^C[]$ (the $\OML/cmm/m/it/10 G[]$\OT1/cmr/m/n/10 -staggered com-bi-na-tion), and sim-i-larly
 []

[8] [9]
Underfull \hbox (badness 5592) in paragraph at lines 1073--1076
\OT1/cmr/m/n/10 These sat-isfy the Klein four-group mul-ti-pli-ca-tion
 []


Underfull \hbox (badness 10000) in paragraph at lines 1103--1104
[]\OT1/cmr/m/n/10 We adopt one nor-mal-iza-tion through-out the
 []


Overfull \hbox (48.8859pt too wide) detected at line 1186
[][][]\OML/cmm/m/it/10 H[] \OT1/cmr/m/n/10 = \OML/cmm/m/it/10 N[][]\OMS/cmsy/m/n/10 ^^@\OT1/cmr/m/n/10 8\OML/cmm/m/it/10 D[][]\OT1/cmr/m/n/10 (\OT1/cmr/bx/n/10 F \OMS/cmsy/m/n/10 ^^B \OT1/cmr/bx/n/10 G\OT1/cmr/m/n/10 )[] + (\OT1/cmr/bx/n/10 C \OMS/cmsy/m/n/10 ^^B \OT1/cmr/bx/n/10 A\OT1/cmr/m/n/10 )[][] + 8\OML/cmm/m/it/10 D[][]\OT1/cmr/m/n/10 (\OT1/cmr/bx/n/10 G \OMS/cmsy/m/n/10 ^^B \OT1/cmr/bx/n/10 C\OT1/cmr/m/n/10 )[] \OMS/cmsy/m/n/10 ^^@ \OT1/cmr/m/n/10 (\OT1/cmr/bx/n/10 F \OMS/cmsy/m/n/10 ^^B \OT1/cmr/bx/n/10 A\OT1/cmr/m/n/10 )[][][]\OML/cmm/m/it/10 ;
 []

[10]
Underfull \hbox (badness 1210) in paragraph at lines 1222--1233
\OT1/cmr/m/n/10 and [], the DM sec-tor does \OT1/cmr/m/it/10 not \OT1/cmr/m/n/10 gen-er-ate a di-
 []


Overfull \hbox (67.99197pt too wide) detected at line 1240
[][][][][]
 []

[11]
Underfull \hbox (badness 2941) in paragraph at lines 1458--1464
\OT1/cmr/m/n/10 (spin/$\OT1/cmr/bx/n/10 J[]$\OT1/cmr/m/n/10 , ax-ial) and Eq. [] ($\OT1/cmr/bx/n/10 d[]$\OT1/cmr/m/n/10 , po-lar) into
 []

[12]
Underfull \hbox (badness 4492) in paragraph at lines 1500--1503
 []\OT1/cmr/m/n/10 The ra-tio of Tm-electric to Tm-magnetic cou-
 []


Underfull \hbox (badness 1048) in paragraph at lines 1500--1503
 \OT1/cmr/m/n/10 pling at fixed wave impedance $\OMS/cmsy/m/n/10 j\OT1/cmr/bx/n/10 E\OMS/cmsy/m/n/10 j\OML/cmm/m/it/10 =\OMS/cmsy/m/n/10 j\OT1/cmr/bx/n/10 H\OMS/cmsy/m/n/10 j \OT1/cmr/m/n/10 = \OML/cmm/m/it/10 Z[]$ \OT1/cmr/m/n/10 is
 []


Overfull \hbox (32.64626pt too wide) detected at line 1533
[][][][]
 []


Underfull \hbox (badness 2197) in paragraph at lines 1533--1541
\OT1/cmr/m/n/10 with the Fe four-sublattice Hamil-to-nian $\OML/cmm/m/it/10 H[]$ \OT1/cmr/m/n/10 from
 []


Overfull \hbox (17.24529pt too wide) detected at line 1581
[][][]\OML/cmm/m/it/10 E[]\OT1/cmr/m/n/10 (\OML/cmm/m/it/10 t[]; t[]; t[]\OT1/cmr/m/n/10 ) = \OML/cmm/m/it/10 E[]\OT1/cmr/m/n/10 (\OML/cmm/m/it/10 t[]; t[]; t[]\OT1/cmr/m/n/10 ) \OMS/cmsy/m/n/10 ^^@ \OML/cmm/m/it/10 E[]\OT1/cmr/m/n/10 (\OML/cmm/m/it/10 t[]; t[]; t[]\OT1/cmr/m/n/10 ) \OMS/cmsy/m/n/10 ^^@ \OML/cmm/m/it/10 E[]\OT1/cmr/m/n/10 (\OML/cmm/m/it/10 t[]; t[]; t[]\OT1/cmr/m/n/10 )\OML/cmm/m/it/10 :
 []

[13] [14]
Overfull \hbox (1.29604pt too wide) detected at line 1723
[][][]\OML/cmm/m/it/10 n[] \OT1/cmr/m/n/10 = +1\OML/cmm/m/it/10 ;  n[] \OT1/cmr/m/n/10 = +1\OML/cmm/m/it/10 =[];  n[] \OT1/cmr/m/n/10 = 0[]
 []


Underfull \hbox (badness 7397) in paragraph at lines 1734--1736
\OT1/cmr/m/n/10 plus the two zero-frequency pop-u-la-tion chan-nels
 []


Underfull \hbox (badness 1019) in paragraph at lines 1759--1776
\OT1/cmr/m/n/10 with the spin-length con-straint $\OMS/cmsy/m/n/10 j\OT1/cmr/bx/n/10 S[]\OMS/cmsy/m/n/10 j \OT1/cmr/m/n/10 = \OML/cmm/m/it/10 S$ \OT1/cmr/m/n/10 en-forced
 []


Overfull \hbox (26.65762pt too wide) detected at line 1803
[][][][] \OT1/cmr/m/n/10 = \OML/cmm/m/it/10 M[] \OT1/cmr/bx/n/10 v\OML/cmm/m/it/10 ;  M[] \OMS/cmsy/m/n/10 ^^Q [] \OML/cmm/m/it/10 ;
 []

[15] [16] [17]
Underfull \hbox (badness 3354) in paragraph at lines 2083--2095
 []\OT1/cmr/m/it/10 c. Con-se-quences for the path-way anal-y-sis.[] \OT1/cmr/m/n/10 The
 []


Underfull \hbox (badness 2781) in paragraph at lines 2083--2095
\OT1/cmr/m/n/10 to Tm re-quires ei-ther (a) the small DM-induced
 []


Underfull \hbox (badness 10000) in paragraph at lines 2156--2160
 []\OT1/cmr/m/it/10 a. $\OT1/cmr/m/n/10 ([]\OML/cmm/m/it/10 ; E[]\OT1/cmr/m/n/10 )$\OT1/cmr/m/it/10 .[] \OT1/cmr/m/n/10 The clean-est linear-exchange
 []

[18]
Underfull \hbox (badness 10000) in paragraph at lines 2222--2222
[]\OT1/cmr/m/n/9 Reciprocal Tm$\OMS/cmsy/m/n/9 !$\OT1/cmr/m/n/9 Fe con-ver-sion
 []


Underfull \hbox (badness 7064) in paragraph at lines 2222--2222
\OT1/cmr/m/n/9 through the same $[] [] \OML/cmm/m/it/9 ^^^[]$
 []

[19] [20]
Underfull \hbox (badness 1342) in paragraph at lines 2377--2381
\OT1/cmr/m/n/10 the over-all fac-tor $(\OML/cmm/m/it/10 i=\U/msb/m/n/10 ~[]\OT1/cmr/m/n/10 )$ and de-pend on the same
 []


Underfull \hbox (badness 1910) in paragraph at lines 2400--2409
\OT1/cmr/m/n/10 cal (Heisen-berg) view-point by ex-pand-ing the joint
 []


Overfull \hbox (2.2011pt too wide) detected at line 2425
[][][][]
 []


Underfull \hbox (badness 1383) in paragraph at lines 2439--2441
 []$\OML/cmm/m/it/10 f\OT1/cmr/m/n/10 (\OML/cmm/m/it/10 t\OT1/cmr/m/n/10 )$: the drive force, lin-ear in the field am-pli-
 []

[21]
Underfull \hbox (badness 5985) in paragraph at lines 2477--2482
 []\OT1/cmr/m/it/10 b. Bertaut read-ing of the dy-nam-i-cal vari-ables.[]
 []

[22]
Overfull \hbox (248.62187pt too wide) detected at line 2616
[][][][]
 []


Overfull \hbox (73.22346pt too wide) detected at line 2637
[]
 []

[23]
Overfull \hbox (17.23784pt too wide) detected at line 2745
[][][]\OML/cmm/m/it/10 S[]\OT1/cmr/m/n/10 (\OML/cmm/m/it/10 ![]; t[]; ![]\OT1/cmr/m/n/10 ) = [][]  \OML/cmm/m/it/10 dt[] e[] [][]  dt[] e[]E[]\OT1/cmr/m/n/10 (\OML/cmm/m/it/10 t[]; t[]; t[]\OT1/cmr/m/n/10 )\OML/cmm/m/it/10 :
 []

[24]
Underfull \hbox (badness 3612) in paragraph at lines 2767--2775
\OT1/cmr/m/n/10 which are ex-actly the co-her-ence de-nom-i-na-tors of
 []


Underfull \hbox (badness 10000) in paragraph at lines 2802--2808
 []\OT1/cmr/m/it/10 b. Fe$\OMS/cmsy/m/n/10 !$\OT1/cmr/m/it/10 Tm ex-change | path-way
 []


Underfull \hbox (badness 10000) in paragraph at lines 2802--2808
\OT1/cmr/m/n/10 ([]\OML/cmm/m/it/10 ; E[]\OT1/cmr/m/n/10 )$\OT1/cmr/m/it/10 .[] \OT1/cmr/m/n/10 Two-step di-a-gram: (i) $[] =
 []


Underfull \hbox (badness 10000) in paragraph at lines 2802--2808
\OML/cmm/m/it/10 G[]\OT1/cmr/m/n/10 (\OML/cmm/m/it/10 ![]\OT1/cmr/m/n/10 ) [] \OML/cmm/m/it/10 ^^^[] \OT1/cmr/m/n/10 (\OML/cmm/m/it/10 g[]h[]\OT1/cmr/m/n/10 )$ (magnon ex-cited then
 []


Underfull \hbox (badness 6691) in paragraph at lines 2802--2808
\OT1/cmr/m/n/10 pro-jected onto $\OML/cmm/m/it/10 ^^NG[]$\OT1/cmr/m/n/10 ); (ii) $[] = \OML/cmm/m/it/10 G[]\OT1/cmr/m/n/10 (\OML/cmm/m/it/10 ![] \OT1/cmr/m/n/10 +
 []

[25]
Underfull \hbox (badness 5802) in paragraph at lines 2870--2873
 []\OT1/cmr/m/n/10 the sur-viv-ing uni-form Fe--Tm ex-change ver-tex
 []


Underfull \hbox (badness 2772) in paragraph at lines 2870--2873
 []\OML/cmm/m/it/10 ^^NG[]^^U[]$ \OT1/cmr/m/n/10 af-ter inversion-pair can-cel-la-tion of all
 []


Underfull \hbox (badness 1881) in paragraph at lines 2918--2921
 []\OT1/cmr/m/n/10 Larmor with energy-valued ef-fec-tive field: $[] =
 []


Underfull \hbox (badness 4168) in paragraph at lines 2935--2948
\OML/cmm/m/it/10 ^^V  \OMS/cmsy/m/n/10 !  \OML/cmm/m/it/10 ^^W$ \OT1/cmr/m/n/10 in the Bertaut ba-sis, $(\OT1/cmr/bx/n/10 S[] \OMS/cmsy/m/n/10 ^^B \OT1/cmr/bx/n/10 S[]\OT1/cmr/m/n/10 )[] =
 []

[26] [27]
Underfull \hbox (badness 4954) in paragraph at lines 3163--3165
 []\OT1/cmr/m/n/9 F. Mah-mood, D. Chaud-huri, S. Gopalakr-ish-nan,
 []

(./tmfeo3_notes.bbl)
Underfull \hbox (badness 5519) in paragraph at lines 3183--3187
 [][][]\OT1/cmtt/m/n/10 util/verify_tmfeo3_code.py []\OT1/cmr/m/n/10 checks the im-ple-
 []


Underfull \hbox (badness 1742) in paragraph at lines 3187--3191
 [][][]\OT1/cmtt/m/n/10 util/verify_tmfeo3_bonds.py []\OT1/cmr/m/n/10 checks the Fe--Fe,
 []


Underfull \hbox (badness 5607) in paragraph at lines 3187--3191
 \OT1/cmr/m/n/10 Fe--Tm, and Tm--Tm bond enu-mer-a-tions, the
 []


Underfull \hbox (badness 1033) in paragraph at lines 3206--3210
 \OT1/cmr/m/n/10 but the repos-i-tory does not yet con-tain a ded-i-
 []

[28] (./tmfeo3_notes.aux)
 ***********
LaTeX2e <2023-11-01> patch level 1
L3 programming layer <2024-01-22>
 ***********
Package rerunfilecheck Info: File `tmfeo3_notes.out' has not changed.
(rerunfilecheck)             Checksum: 35A588E6D6ECDF887AD1358DF15A58E3;17416.
 ) 
Here is how much of TeX's memory you used:
 13896 strings out of 476106
 207765 string characters out of 5793934
 1972975 words of memory out of 5000000
 35380 multiletter control sequences out of 15000+600000
 574175 words of font info for 99 fonts, out of 8000000 for 9000
 59 hyphenation exceptions out of 8191
 75i,15n,79p,742b,626s stack positions out of 10000i,1000n,20000p,200000b,200000s
</usr/share/texlive/texmf-dist/fonts/type1/public/amsfonts/cm/cmbx10.pfb></usr/share/texlive/texmf-dist/fonts/type1/public/amsfonts/cm/cmbx12.pfb></usr/share/texlive/texmf-dist/fonts/type1/public/amsfonts/cm/cmbx7.pfb></usr/share/texlive/texmf-dist/fonts/type1/public/amsfonts/cm/cmbx9.pfb></usr/share/texlive/texmf-dist/fonts/type1/public/amsfonts/cm/cmex10.pfb></usr/share/texlive/texmf-dist/fonts/type1/public/amsfonts/cm/cmmi10.pfb></usr/share/texlive/texmf-dist/fonts/type1/public/amsfonts/cm/cmmi5.pfb></usr/share/texlive/texmf-dist/fonts/type1/public/amsfonts/cm/cmmi6.pfb></usr/share/texlive/texmf-dist/fonts/type1/public/amsfonts/cm/cmmi7.pfb></usr/share/texlive/texmf-dist/fonts/type1/public/amsfonts/cm/cmmi8.pfb></usr/share/texlive/texmf-dist/fonts/type1/public/amsfonts/cm/cmmi9.pfb></usr/share/texlive/texmf-dist/fonts/type1/public/amsfonts/cm/cmmib10.pfb></usr/share/texlive/texmf-dist/fonts/type1/public/amsfonts/cm/cmr10.pfb></usr/share/texlive/texmf-dist/fonts/type1/public/amsfonts/cm/cmr12.pfb></usr/share/texlive/texmf-dist/fonts/type1/public/amsfonts/cm/cmr5.pfb></usr/share/texlive/texmf-dist/fonts/type1/public/amsfonts/cm/cmr6.pfb></usr/share/texlive/texmf-dist/fonts/type1/public/amsfonts/cm/cmr7.pfb></usr/share/texlive/texmf-dist/fonts/type1/public/amsfonts/cm/cmr8.pfb></usr/share/texlive/texmf-dist/fonts/type1/public/amsfonts/cm/cmr9.pfb></usr/share/texlive/texmf-dist/fonts/type1/public/amsfonts/cm/cmsy10.pfb></usr/share/texlive/texmf-dist/fonts/type1/public/amsfonts/cm/cmsy5.pfb></usr/share/texlive/texmf-dist/fonts/type1/public/amsfonts/cm/cmsy6.pfb></usr/share/texlive/texmf-dist/fonts/type1/public/amsfonts/cm/cmsy7.pfb></usr/share/texlive/texmf-dist/fonts/type1/public/amsfonts/cm/cmsy8.pfb></usr/share/texlive/texmf-dist/fonts/type1/public/amsfonts/cm/cmsy9.pfb></usr/share/texlive/texmf-dist/fonts/type1/public/amsfonts/cm/cmti10.pfb></usr/share/texlive/texmf-dist/fonts/type1/public/amsfonts/cm/cmti9.pfb></usr/share/texlive/texmf-dist/fonts/type1/public/amsfonts/cm/cmtt10.pfb></usr/share/texlive/texmf-dist/fonts/type1/public/doublestroke/dsrom10.pfb></usr/share/texlive/texmf-dist/fonts/type1/public/amsfonts/symbols/msam10.pfb></usr/share/texlive/texmf-dist/fonts/type1/public/amsfonts/symbols/msbm10.pfb></usr/share/texlive/texmf-dist/fonts/type1/public/amsfonts/symbols/msbm7.pfb></usr/share/texmf/fonts/type1/public/cm-super/sfrm1000.pfb>
Output written on tmfeo3_notes.pdf (28 pages, 622650 bytes).
PDF statistics:
 1295 PDF objects out of 1440 (max. 8388607)
 1181 compressed objects within 12 object streams
 336 named destinations out of 1000 (max. 500000)
 633 words of extra memory for PDF output out of 10000 (max. 10000000)

